11-04 16:00:06 | Main INFO  |  
|/-\|/-\|/-\|/-\|/-\|/-\|/-\|/-\|/-\|/-\|
11-04 16:00:06 | Main INFO  |  

[  Ellie è attiva! :-)  ]

11-04 16:05:08 | Main INFO  |  Evento avviato (Meteo del WeekEnd): 
Destinatario: Martins ( 115949778 )
Hey ciao, ecco le previsioni del WeekEnd 😄

Stasera: 
04-11-2016 22:00:00  "Nuvoloso"
05-11-2016 01:00:00  "Pioggia Molto Leggera"
05-11-2016 04:00:00  "Pioggia Leggera"

Domani: 
"Pioggia durante il giorno."

Sabato sera: 
05-11-2016 22:00:00  "Pioggia Leggera"
06-11-2016 01:00:00  "Pioggia Leggera"
06-11-2016 04:00:00  "Pioggia Molto Leggera"

Domenica: 
"Sereno durante il giorno."

11-04 16:05:08 | Main INFO  |  Messaggio spedito in data: 11/04 16:05
